<?xml version="1.0" encoding="UTF-8"?>
<testng-results ignored="0" total="3" passed="2" failed="1" skipped="0">
  <reporter-output>
  </reporter-output>
  <suite started-at="2024-08-16T10:08:48Z" name="Surefire suite" finished-at="2024-08-16T10:09:00Z" duration-ms="12198">
    <groups>
    </groups>
    <test started-at="2024-08-16T10:08:48Z" name="Surefire test" finished-at="2024-08-16T10:09:00Z" duration-ms="12198">
      <class name="page_tests.ProductPageTest">
        <test-method is-config="true" signature="setupTest(java.lang.String, org.testng.ITestResult)[pri:0, instance:page_tests.ProductPageTest@7894f09b]" started-at="2024-08-16T10:08:53Z" name="setupTest" finished-at="2024-08-16T10:08:54Z" duration-ms="472" status="PASS">
          <params>
            <param index="0">
              <value is-null="true"/>
            </param>
            <param index="1">
              <value>
                <![CDATA[[TestResult name=testItemName status=SUCCESS method=ProductPageTest.testItemName()[pri:0, instance:page_tests.ProductPageTest@7894f09b] output={null}]]]>
              </value>
            </param>
          </params>
          <reporter-output>
          </reporter-output>
        </test-method> <!-- setupTest -->
        <test-method signature="testItemName()[pri:0, instance:page_tests.ProductPageTest@7894f09b]" started-at="2024-08-16T10:08:54Z" name="testItemName" finished-at="2024-08-16T10:09:00Z" duration-ms="5932" status="PASS">
          <reporter-output>
          </reporter-output>
        </test-method> <!-- testItemName -->
        <test-method is-config="true" signature="tearDownTest(org.testng.ITestResult)[pri:0, instance:page_tests.ProductPageTest@7894f09b]" started-at="2024-08-16T10:09:00Z" name="tearDownTest" finished-at="2024-08-16T10:09:00Z" duration-ms="107" status="PASS">
          <params>
            <param index="0">
              <value>
                <![CDATA[[TestResult name=testItemName status=SUCCESS method=ProductPageTest.testItemName()[pri:0, instance:page_tests.ProductPageTest@7894f09b] output={null}]]]>
              </value>
            </param>
          </params>
          <reporter-output>
          </reporter-output>
        </test-method> <!-- tearDownTest -->
        <test-method is-config="true" signature="flushTestReport()[pri:0, instance:page_tests.ProductPageTest@7894f09b]" started-at="2024-08-16T10:09:00Z" name="flushTestReport" finished-at="2024-08-16T10:09:00Z" duration-ms="9" status="PASS">
          <reporter-output>
          </reporter-output>
        </test-method> <!-- flushTestReport -->
      </class> <!-- page_tests.ProductPageTest -->
      <class name="page_tests.LoginPageTest">
        <test-method is-config="true" signature="setupTest(java.lang.String, org.testng.ITestResult)[pri:0, instance:page_tests.LoginPageTest@3d484181]" started-at="2024-08-16T10:08:48Z" name="setupTest" finished-at="2024-08-16T10:08:50Z" duration-ms="2265" status="PASS">
          <params>
            <param index="0">
              <value is-null="true"/>
            </param>
            <param index="1">
              <value>
                <![CDATA[[TestResult name=InvaliduserLoginTest status=FAILURE method=LoginPageTest.InvaliduserLoginTest()[pri:0, instance:page_tests.LoginPageTest@3d484181] output={null}]]]>
              </value>
            </param>
          </params>
          <reporter-output>
          </reporter-output>
        </test-method> <!-- setupTest -->
        <test-method signature="InvaliduserLoginTest()[pri:0, instance:page_tests.LoginPageTest@3d484181]" started-at="2024-08-16T10:08:50Z" name="InvaliduserLoginTest" finished-at="2024-08-16T10:08:52Z" duration-ms="1541" status="FAIL">
          <exception class="org.openqa.selenium.NoSuchElementException">
            <message>
              <![CDATA[no such element: Unable to locate element: {"method":"xpath","selector":"//span[contains(text(), 'Products')]"}
  (Session info: chrome=127.0.6533.120)
For documentation on this error, please visit: https://selenium.dev/exceptions/#no_such_element
Build info: version: '4.6.0', revision: '79f1c02ae20'
System info: os.name: 'Mac OS X', os.arch: 'aarch64', os.version: '14.5', java.version: '22.0.1'
Driver info: org.openqa.selenium.chrome.ChromeDriver
Command: [f37da0fe0d7314f49330ff3c95032aad, findElement {using=xpath, value=//span[contains(text(), 'Products')]}]
Capabilities {acceptInsecureCerts: false, browserName: chrome, browserVersion: 127.0.6533.120, chrome: {chromedriverVersion: 127.0.6533.119 (bdef6783a05..., userDataDir: /var/folders/sw/lsnp5fhn19x...}, fedcm:accounts: true, goog:chromeOptions: {debuggerAddress: localhost:54146}, networkConnectionEnabled: false, pageLoadStrategy: normal, platformName: MAC, proxy: Proxy(), se:cdp: ws://localhost:54146/devtoo..., se:cdpVersion: 127.0.6533.120, setWindowRect: true, strictFileInteractability: false, timeouts: {implicit: 0, pageLoad: 300000, script: 30000}, unhandledPromptBehavior: dismiss and notify, webauthn:extension:credBlob: true, webauthn:extension:largeBlob: true, webauthn:extension:minPinLength: true, webauthn:extension:prf: true, webauthn:virtualAuthenticators: true}
Session ID: f37da0fe0d7314f49330ff3c95032aad]]>
            </message>
            <full-stacktrace>
              <![CDATA[org.openqa.selenium.NoSuchElementException: no such element: Unable to locate element: {"method":"xpath","selector":"//span[contains(text(), 'Products')]"}
  (Session info: chrome=127.0.6533.120)
For documentation on this error, please visit: https://selenium.dev/exceptions/#no_such_element
Build info: version: '4.6.0', revision: '79f1c02ae20'
System info: os.name: 'Mac OS X', os.arch: 'aarch64', os.version: '14.5', java.version: '22.0.1'
Driver info: org.openqa.selenium.chrome.ChromeDriver
Command: [f37da0fe0d7314f49330ff3c95032aad, findElement {using=xpath, value=//span[contains(text(), 'Products')]}]
Capabilities {acceptInsecureCerts: false, browserName: chrome, browserVersion: 127.0.6533.120, chrome: {chromedriverVersion: 127.0.6533.119 (bdef6783a05..., userDataDir: /var/folders/sw/lsnp5fhn19x...}, fedcm:accounts: true, goog:chromeOptions: {debuggerAddress: localhost:54146}, networkConnectionEnabled: false, pageLoadStrategy: normal, platformName: MAC, proxy: Proxy(), se:cdp: ws://localhost:54146/devtoo..., se:cdpVersion: 127.0.6533.120, setWindowRect: true, strictFileInteractability: false, timeouts: {implicit: 0, pageLoad: 300000, script: 30000}, unhandledPromptBehavior: dismiss and notify, webauthn:extension:credBlob: true, webauthn:extension:largeBlob: true, webauthn:extension:minPinLength: true, webauthn:extension:prf: true, webauthn:virtualAuthenticators: true}
Session ID: f37da0fe0d7314f49330ff3c95032aad
at java.base/jdk.internal.reflect.DirectConstructorHandleAccessor.newInstance(DirectConstructorHandleAccessor.java:62)
at java.base/java.lang.reflect.Constructor.newInstanceWithCaller(Constructor.java:502)
at java.base/java.lang.reflect.Constructor.newInstance(Constructor.java:486)
at org.openqa.selenium.remote.codec.w3c.W3CHttpResponseCodec.createException(W3CHttpResponseCodec.java:200)
at org.openqa.selenium.remote.codec.w3c.W3CHttpResponseCodec.decode(W3CHttpResponseCodec.java:133)
at org.openqa.selenium.remote.codec.w3c.W3CHttpResponseCodec.decode(W3CHttpResponseCodec.java:53)
at org.openqa.selenium.remote.HttpCommandExecutor.execute(HttpCommandExecutor.java:193)
at org.openqa.selenium.remote.service.DriverCommandExecutor.invokeExecute(DriverCommandExecutor.java:183)
at org.openqa.selenium.remote.service.DriverCommandExecutor.execute(DriverCommandExecutor.java:158)
at org.openqa.selenium.remote.RemoteWebDriver.execute(RemoteWebDriver.java:543)
at org.openqa.selenium.remote.ElementLocation$ElementFinder$2.findElement(ElementLocation.java:162)
at org.openqa.selenium.remote.ElementLocation.findElement(ElementLocation.java:60)
at org.openqa.selenium.remote.RemoteWebDriver.findElement(RemoteWebDriver.java:352)
at org.openqa.selenium.remote.RemoteWebDriver.findElement(RemoteWebDriver.java:344)
at generic_keywords.WebElementInteractions.retrieveTextData(WebElementInteractions.java:32)
at page_objects.ProductPageObject.getTitleOfPage(ProductPageObject.java:22)
at page_tests.LoginPageTest.InvaliduserLoginTest(LoginPageTest.java:38)
at java.base/jdk.internal.reflect.DirectMethodHandleAccessor.invoke(DirectMethodHandleAccessor.java:103)
at java.base/java.lang.reflect.Method.invoke(Method.java:580)
at org.testng.internal.MethodInvocationHelper.invokeMethod(MethodInvocationHelper.java:124)
at org.testng.internal.Invoker.invokeMethod(Invoker.java:583)
at org.testng.internal.Invoker.invokeTestMethod(Invoker.java:719)
at org.testng.internal.Invoker.invokeTestMethods(Invoker.java:989)
at org.testng.internal.TestMethodWorker.invokeTestMethods(TestMethodWorker.java:125)
at org.testng.internal.TestMethodWorker.run(TestMethodWorker.java:109)
at org.testng.TestRunner.privateRun(TestRunner.java:648)
at org.testng.TestRunner.run(TestRunner.java:505)
at org.testng.SuiteRunner.runTest(SuiteRunner.java:455)
at org.testng.SuiteRunner.runSequentially(SuiteRunner.java:450)
at org.testng.SuiteRunner.privateRun(SuiteRunner.java:415)
at org.testng.SuiteRunner.run(SuiteRunner.java:364)
at org.testng.SuiteRunnerWorker.runSuite(SuiteRunnerWorker.java:52)
at org.testng.SuiteRunnerWorker.run(SuiteRunnerWorker.java:84)
at org.testng.TestNG.runSuitesSequentially(TestNG.java:1208)
at org.testng.TestNG.runSuitesLocally(TestNG.java:1137)
at org.testng.TestNG.runSuites(TestNG.java:1049)
at org.testng.TestNG.run(TestNG.java:1017)
at org.apache.maven.surefire.testng.TestNGExecutor.run(TestNGExecutor.java:135)
at org.apache.maven.surefire.testng.TestNGDirectoryTestSuite.executeMulti(TestNGDirectoryTestSuite.java:193)
at org.apache.maven.surefire.testng.TestNGDirectoryTestSuite.execute(TestNGDirectoryTestSuite.java:94)
at org.apache.maven.surefire.testng.TestNGProvider.invoke(TestNGProvider.java:146)
at org.apache.maven.surefire.booter.ForkedBooter.invokeProviderInSameClassLoader(ForkedBooter.java:384)
at org.apache.maven.surefire.booter.ForkedBooter.runSuitesInProcess(ForkedBooter.java:345)
at org.apache.maven.surefire.booter.ForkedBooter.execute(ForkedBooter.java:126)
at org.apache.maven.surefire.booter.ForkedBooter.main(ForkedBooter.java:418)
]]>
            </full-stacktrace>
          </exception> <!-- org.openqa.selenium.NoSuchElementException -->
          <reporter-output>
          </reporter-output>
        </test-method> <!-- InvaliduserLoginTest -->
        <test-method is-config="true" signature="tearDownTest(org.testng.ITestResult)[pri:0, instance:page_tests.LoginPageTest@3d484181]" started-at="2024-08-16T10:08:52Z" name="tearDownTest" finished-at="2024-08-16T10:08:52Z" duration-ms="210" status="PASS">
          <params>
            <param index="0">
              <value>
                <![CDATA[[TestResult name=InvaliduserLoginTest status=FAILURE method=LoginPageTest.InvaliduserLoginTest()[pri:0, instance:page_tests.LoginPageTest@3d484181] output={null}]]]>
              </value>
            </param>
          </params>
          <reporter-output>
          </reporter-output>
        </test-method> <!-- tearDownTest -->
        <test-method is-config="true" signature="setupTest(java.lang.String, org.testng.ITestResult)[pri:0, instance:page_tests.LoginPageTest@3d484181]" started-at="2024-08-16T10:08:52Z" name="setupTest" finished-at="2024-08-16T10:08:52Z" duration-ms="499" status="PASS">
          <params>
            <param index="0">
              <value is-null="true"/>
            </param>
            <param index="1">
              <value>
                <![CDATA[[TestResult name=userLoginTest status=SUCCESS method=LoginPageTest.userLoginTest()[pri:0, instance:page_tests.LoginPageTest@3d484181] output={null}]]]>
              </value>
            </param>
          </params>
          <reporter-output>
          </reporter-output>
        </test-method> <!-- setupTest -->
        <test-method signature="userLoginTest()[pri:0, instance:page_tests.LoginPageTest@3d484181]" started-at="2024-08-16T10:08:52Z" name="userLoginTest" finished-at="2024-08-16T10:08:53Z" duration-ms="889" status="PASS">
          <reporter-output>
          </reporter-output>
        </test-method> <!-- userLoginTest -->
        <test-method is-config="true" signature="tearDownTest(org.testng.ITestResult)[pri:0, instance:page_tests.LoginPageTest@3d484181]" started-at="2024-08-16T10:08:53Z" name="tearDownTest" finished-at="2024-08-16T10:08:53Z" duration-ms="121" status="PASS">
          <params>
            <param index="0">
              <value>
                <![CDATA[[TestResult name=userLoginTest status=SUCCESS method=LoginPageTest.userLoginTest()[pri:0, instance:page_tests.LoginPageTest@3d484181] output={null}]]]>
              </value>
            </param>
          </params>
          <reporter-output>
          </reporter-output>
        </test-method> <!-- tearDownTest -->
        <test-method is-config="true" signature="flushTestReport()[pri:0, instance:page_tests.LoginPageTest@3d484181]" started-at="2024-08-16T10:08:53Z" name="flushTestReport" finished-at="2024-08-16T10:08:53Z" duration-ms="145" status="PASS">
          <reporter-output>
          </reporter-output>
        </test-method> <!-- flushTestReport -->
      </class> <!-- page_tests.LoginPageTest -->
    </test> <!-- Surefire test -->
  </suite> <!-- Surefire suite -->
</testng-results>
